<?xml version="1.0" encoding="UTF-8"?>
<!-- Generated by org.testng.reporters.JUnitReportReporter -->
<testsuite hostname="DESKTOP-37LK1CV" failures="0" tests="3" name="com.ecom.webapp.SoftAssertWithSimplilearnLogIn" time="13.189" errors="0" timestamp="2022-10-09T14:46:40 IST" skipped="0">
  <testcase classname="com.ecom.webapp.SoftAssertWithSimplilearnLogIn" name="launchChromeTest" time="9.975"/>
  <system-out/>
  <testcase classname="com.ecom.webapp.SoftAssertWithSimplilearnLogIn" name="testSimplilearnHomePageTitle" time="0.016"/>
  <system-out/>
  <testcase classname="com.ecom.webapp.SoftAssertWithSimplilearnLogIn" name="testSimplilearnLogin" time="3.198"/>
  <system-out/>
</testsuite> <!-- com.ecom.webapp.SoftAssertWithSimplilearnLogIn -->
