<?xml version="1.0" encoding="UTF-8"?>
<!-- Generated by org.testng.reporters.JUnitReportReporter -->
<testsuite hostname="DESKTOP-37LK1CV" failures="0" tests="3" name="com.ecom.webapp.TestNgStandardAnnotationsTest" time="0.013" errors="0" timestamp="2022-10-09T16:30:43 IST" skipped="0">
  <testcase classname="com.ecom.webapp.TestNgStandardAnnotationsTest" name="testTwo" time="0.003"/>
  <system-out/>
  <testcase classname="com.ecom.webapp.TestNgStandardAnnotationsTest" name="testThree" time="0.005"/>
  <system-out/>
  <testcase classname="com.ecom.webapp.TestNgStandardAnnotationsTest" name="testOne" time="0.005"/>
  <system-out/>
</testsuite> <!-- com.ecom.webapp.TestNgStandardAnnotationsTest -->
