<?xml version="1.0" encoding="UTF-8"?>
<!-- Generated by org.testng.reporters.JUnitReportReporter -->
<testsuite hostname="DESKTOP-37LK1CV" failures="0" tests="6" name="com.ecom.webapp.TestNgGroupTest" time="24.365" errors="0" timestamp="2022-10-09T16:30:43 IST" skipped="0">
  <testcase classname="com.ecom.webapp.TestNgGroupTest" name="launchMicrosoftEdgeTest" time="13.538"/>
  <system-out/>
  <testcase classname="com.ecom.webapp.TestNgGroupTest" name="launchChromeTest" time="9.539"/>
  <system-out/>
  <testcase classname="com.ecom.webapp.TestNgGroupTest" name="testAmazonHomePage" time="0.209"/>
  <system-out/>
  <testcase classname="com.ecom.webapp.TestNgGroupTest" name="testSimplilearnHomePageTitle" time="0.275"/>
  <system-out/>
  <testcase classname="com.ecom.webapp.TestNgGroupTest" name="testAmazonSourceURL" time="0.408"/>
  <system-out/>
  <testcase classname="com.ecom.webapp.TestNgGroupTest" name="testSimplilearnSourceURL" time="0.396"/>
  <system-out/>
</testsuite> <!-- com.ecom.webapp.TestNgGroupTest -->
