<?xml version="1.0" encoding="UTF-8"?>
<!-- Generated by org.testng.reporters.JUnitReportReporter -->
<testsuite hostname="DESKTOP-37LK1CV" failures="0" tests="3" name="com.ecom.webapp.AmazonProductSearch" time="44.957" errors="0" timestamp="2022-10-09T14:56:09 IST" skipped="0">
  <testcase classname="com.ecom.webapp.AmazonProductSearch" name="testForSearchProduct3" time="14.350"/>
  <system-out/>
  <testcase classname="com.ecom.webapp.AmazonProductSearch" name="testForSearchProduct1" time="15.788"/>
  <system-out/>
  <testcase classname="com.ecom.webapp.AmazonProductSearch" name="testForSearchProduct2" time="14.819"/>
  <system-out/>
</testsuite> <!-- com.ecom.webapp.AmazonProductSearch -->
