<?xml version="1.0" encoding="UTF-8"?>
<!-- Generated by org.testng.reporters.JUnitReportReporter -->
<testsuite hostname="DESKTOP-37LK1CV" failures="0" tests="9" name="com.test.flipkart" time="98.884" errors="0" timestamp="2022-10-18T16:10:12 IST" skipped="0">
  <testcase classname="com.test.flipkart" name="loadTime" time="9.282"/>
  <system-out/>
  <testcase classname="com.test.flipkart" name="search" time="5.117"/>
  <system-out/>
  <testcase classname="com.test.flipkart" name="scroll" time="37.594"/>
  <system-out/>
  <testcase classname="com.test.flipkart" name="contentRefresh" time="4.582"/>
  <system-out/>
  <testcase classname="com.test.flipkart" name="imageDisplay" time="4.053"/>
  <system-out/>
  <testcase classname="com.test.flipkart" name="bottomScroll" time="1.722"/>
  <system-out/>
  <testcase classname="com.test.flipkart" name="imgHeight" time="3.187"/>
  <system-out/>
  <testcase classname="com.test.flipkart" name="diffBrowChrome" time="2.180"/>
  <system-out/>
  <testcase classname="com.test.flipkart" name="diffBrowEdge" time="31.167"/>
  <system-out/>
</testsuite> <!-- com.test.flipkart -->
